0 info it worked if it ends with ok
1 verbose cli [ '/usr/bin/nodejs', '/usr/bin/npm', 'run', 'watch' ]
2 info using npm@3.5.2
3 info using node@v4.2.6
4 verbose run-script [ 'prewatch', 'watch', 'postwatch' ]
5 info lifecycle notebackend@0.0.1~prewatch: notebackend@0.0.1
6 silly lifecycle notebackend@0.0.1~prewatch: no script for prewatch, continuing
7 info lifecycle notebackend@0.0.1~watch: notebackend@0.0.1
8 verbose lifecycle notebackend@0.0.1~watch: unsafe-perm in lifecycle true
9 verbose lifecycle notebackend@0.0.1~watch: PATH: /usr/share/npm/bin/node-gyp-bin:/home/kape/Documents/fullstack_course/backend/node_modules/.bin:/home/kape/.rbenv/shims:/home/kape/.rbenv/bin:/home/kape/bin:/home/kape/.local/bin:/usr/local/sbin:/usr/local/bin:/usr/sbin:/usr/bin:/sbin:/bin:/usr/games:/usr/local/games:/snap/bin:/usr/local/java/jre1.8.0_101/bin:/usr/local/java/jdk1.8.0_101/bin
10 verbose lifecycle notebackend@0.0.1~watch: CWD: /home/kape/Documents/fullstack_course/backend
11 silly lifecycle notebackend@0.0.1~watch: Args: [ '-c', 'nodemon index.js' ]
12 info lifecycle notebackend@0.0.1~watch: Failed to exec watch script
13 verbose stack Error: notebackend@0.0.1 watch: `nodemon index.js`
13 verbose stack spawn ENOENT
13 verbose stack     at ChildProcess.<anonymous> (/usr/share/npm/lib/utils/spawn.js:17:16)
13 verbose stack     at emitTwo (events.js:87:13)
13 verbose stack     at ChildProcess.emit (events.js:172:7)
13 verbose stack     at maybeClose (internal/child_process.js:821:16)
13 verbose stack     at Process.ChildProcess._handle.onexit (internal/child_process.js:211:5)
14 verbose pkgid notebackend@0.0.1
15 verbose cwd /home/kape/Documents/fullstack_course/backend
16 error Linux 4.4.0-112-generic
17 error argv "/usr/bin/nodejs" "/usr/bin/npm" "run" "watch"
18 error node v4.2.6
19 error npm  v3.5.2
20 error file sh
21 error code ELIFECYCLE
22 error errno ENOENT
23 error syscall spawn
24 error notebackend@0.0.1 watch: `nodemon index.js`
24 error spawn ENOENT
25 error Failed at the notebackend@0.0.1 watch script 'nodemon index.js'.
25 error Make sure you have the latest version of node.js and npm installed.
25 error If you do, this is most likely a problem with the notebackend package,
25 error not with npm itself.
25 error Tell the author that this fails on your system:
25 error     nodemon index.js
25 error You can get information on how to open an issue for this project with:
25 error     npm bugs notebackend
25 error Or if that isn't available, you can get their info via:
25 error     npm owner ls notebackend
25 error There is likely additional logging output above.
26 verbose exit [ 1, true ]
